<?xml version="1.0" encoding="UTF-8"?>
<robot generator="Robot 4.1 (Python 3.9.6 on win32)" generated="20211013 05:36:25.741" rpa="false" schemaversion="2">
<suite id="s1" name="Rekisteröinti" source="C:\Users\Rami\PycharmProjects\RobotProjekti\Sisäänkirjautuminen\Rekisteröinti.robot">
<test id="s1-t1" name="Sisäänkirjautuminen">
<kw name="Open Chrome Browser" library="common_keywords">
<kw name="Open Browser" library="SeleniumLibrary">
<arg>https://www.verkkokauppa.com/</arg>
<arg>chrome</arg>
<doc>Opens a new browser instance to the optional ``url``.</doc>
<msg timestamp="20211013 05:36:26.053" level="INFO">Opening browser 'chrome' to base url 'https://www.verkkokauppa.com/'.</msg>
<status status="PASS" starttime="20211013 05:36:26.053" endtime="20211013 05:36:28.479"/>
</kw>
<kw name="Maximize Browser Window" library="SeleniumLibrary">
<doc>Maximizes current browser window.</doc>
<status status="PASS" starttime="20211013 05:36:28.479" endtime="20211013 05:36:28.926"/>
</kw>
<kw name="Page Should Contain" library="SeleniumLibrary">
<arg>Verkkokauppa.com – Todennäköisesti aina halvempi</arg>
<doc>Verifies that current page contains ``text``.</doc>
<msg timestamp="20211013 05:36:29.100" level="INFO">Current page contains text 'Verkkokauppa.com – Todennäköisesti aina halvempi'.</msg>
<status status="PASS" starttime="20211013 05:36:28.926" endtime="20211013 05:36:29.100"/>
</kw>
<kw name="Sleep" library="BuiltIn">
<arg>5s</arg>
<doc>Pauses the test executed for the given time.</doc>
<msg timestamp="20211013 05:36:34.108" level="INFO">Slept 5 seconds</msg>
<status status="PASS" starttime="20211013 05:36:29.100" endtime="20211013 05:36:34.108"/>
</kw>
<kw name="Click Element" library="SeleniumLibrary">
<arg>css:#allow-cookies</arg>
<doc>Click the element identified by ``locator``.</doc>
<msg timestamp="20211013 05:36:34.108" level="INFO">Clicking element 'css:#allow-cookies'.</msg>
<status status="PASS" starttime="20211013 05:36:34.108" endtime="20211013 05:36:34.280"/>
</kw>
<status status="PASS" starttime="20211013 05:36:26.052" endtime="20211013 05:36:34.280"/>
</kw>
<kw name="Luo uusi asiakkuus">
<kw name="Valitse elementti" library="common_keywords">
<arg>css:#account &gt; span.link__icon-suffix-text</arg>
<kw name="Wait Until Page Contains Element" library="SeleniumLibrary">
<arg>${ELEMENT}</arg>
<doc>Waits until the element ``locator`` appears on the current page.</doc>
<status status="PASS" starttime="20211013 05:36:34.281" endtime="20211013 05:36:34.289"/>
</kw>
<kw name="Click Element" library="SeleniumLibrary">
<arg>${ELEMENT}</arg>
<doc>Click the element identified by ``locator``.</doc>
<msg timestamp="20211013 05:36:34.290" level="INFO">Clicking element 'css:#account &gt; span.link__icon-suffix-text'.</msg>
<status status="PASS" starttime="20211013 05:36:34.289" endtime="20211013 05:36:34.480"/>
</kw>
<status status="PASS" starttime="20211013 05:36:34.281" endtime="20211013 05:36:34.481"/>
</kw>
<kw name="Valitse elementti" library="common_keywords">
<arg>css:#app &gt; div.sc-19vmxcd-2.kHgGZb.app &gt; header &gt; div.dropdown-modal-container &gt; div.dropdown-modal.dropdown-modal--account-dropdown.dropdown-modal__loaded &gt; div.dropdown-modal-footer &gt; div &gt; a:nth-child(2)</arg>
<kw name="Wait Until Page Contains Element" library="SeleniumLibrary">
<arg>${ELEMENT}</arg>
<doc>Waits until the element ``locator`` appears on the current page.</doc>
<status status="PASS" starttime="20211013 05:36:34.481" endtime="20211013 05:36:34.878"/>
</kw>
<kw name="Click Element" library="SeleniumLibrary">
<arg>${ELEMENT}</arg>
<doc>Click the element identified by ``locator``.</doc>
<msg timestamp="20211013 05:36:34.879" level="INFO">Clicking element 'css:#app &gt; div.sc-19vmxcd-2.kHgGZb.app &gt; header &gt; div.dropdown-modal-container &gt; div.dropdown-modal.dropdown-modal--account-dropdown.dropdown-modal__loaded &gt; div.dropdown-modal-footer &gt; div &gt; a:nth-child(2)'.</msg>
<status status="PASS" starttime="20211013 05:36:34.878" endtime="20211013 05:36:35.038"/>
</kw>
<status status="PASS" starttime="20211013 05:36:34.481" endtime="20211013 05:36:35.038"/>
</kw>
<kw name="Sleep" library="BuiltIn">
<arg>1s</arg>
<doc>Pauses the test executed for the given time.</doc>
<msg timestamp="20211013 05:36:36.053" level="INFO">Slept 1 second</msg>
<status status="PASS" starttime="20211013 05:36:35.039" endtime="20211013 05:36:36.053"/>
</kw>
<kw name="Odota otsaketta" library="common_keywords">
<arg>Asiakkuuden luonti</arg>
<doc>Odottaa näytön vasemmassa ylälaidassa olevaa sivun otsaketta. Odotettava otsake tai sen osa annetaan argumentissa.
Käytetään varmistamaan, että ollaan siirrytty oikealle sivulle ennen kuin suoritusta jatketaan.</doc>
<kw name="Wait Until Page Contains" library="SeleniumLibrary">
<arg>${otsake}</arg>
<doc>Waits until ``text`` appears on the current page.</doc>
<status status="PASS" starttime="20211013 05:36:36.054" endtime="20211013 05:36:36.068"/>
</kw>
<kw name="Comment" library="BuiltIn">
<arg>Wait Until Page Contains Element</arg>
<arg>css=input[name='language']</arg>
<arg>\</arg>
<doc>Displays the given messages in the log file as keyword arguments.</doc>
<status status="PASS" starttime="20211013 05:36:36.068" endtime="20211013 05:36:36.068"/>
</kw>
<status status="PASS" starttime="20211013 05:36:36.054" endtime="20211013 05:36:36.068"/>
</kw>
<kw name="Anna Satunnainen Etunimi Mies" library="random_libraries">
<var>${etunimi}</var>
<doc>Palauttaa satunnaisen suomalaisen etunimen. Joko miehen tai naisen.</doc>
<msg timestamp="20211013 05:36:36.136" level="INFO">${etunimi} = Kalle</msg>
<status status="PASS" starttime="20211013 05:36:36.068" endtime="20211013 05:36:36.136"/>
</kw>
<kw name="Anna Satunnainen Sukunimi" library="random_libraries">
<var>${sukunimi}</var>
<doc>Palauttaa satunnaisen suomalaisen sukunimen.</doc>
<msg timestamp="20211013 05:36:36.193" level="INFO">${sukunimi} = Liukkonen</msg>
<status status="PASS" starttime="20211013 05:36:36.136" endtime="20211013 05:36:36.193"/>
</kw>
<kw name="Anna Satunnainen Numero" library="random_libraries">
<var>${numero}</var>
<doc>Palauttaa satunnaisen suomalaisen sukunimen.</doc>
<msg timestamp="20211013 05:36:36.251" level="INFO">${numero} = 093 251 5120</msg>
<status status="PASS" starttime="20211013 05:36:36.193" endtime="20211013 05:36:36.251"/>
</kw>
<kw name="Anna Satunnainen Sahkoposti" library="random_libraries">
<var>${email}</var>
<doc>Palauttaa satunnaisen suomalaisen sukunimen.</doc>
<msg timestamp="20211013 05:36:36.310" level="INFO">${email} = velipeltonen@example.org</msg>
<status status="PASS" starttime="20211013 05:36:36.251" endtime="20211013 05:36:36.310"/>
</kw>
<kw name="Anna Satunnainen Salasana" library="random_libraries">
<var>${password}</var>
<doc>Palauttaa satunnaisen suomalaisen sukunimen.</doc>
<msg timestamp="20211013 05:36:36.367" level="INFO">${password} = @WxX6YRqC^</msg>
<status status="PASS" starttime="20211013 05:36:36.310" endtime="20211013 05:36:36.367"/>
</kw>
<kw name="Syötä tekstikenttään" library="common_keywords">
<arg>email</arg>
<arg>${email}</arg>
<kw name="Input Text" library="SeleniumLibrary">
<arg>${TEXTFIELD}</arg>
<arg>${TEXT}</arg>
<doc>Types the given ``text`` into the text field identified by ``locator``.</doc>
<msg timestamp="20211013 05:36:36.368" level="INFO">Typing text 'velipeltonen@example.org' into text field 'email'.</msg>
<status status="PASS" starttime="20211013 05:36:36.368" endtime="20211013 05:36:36.533"/>
</kw>
<status status="PASS" starttime="20211013 05:36:36.367" endtime="20211013 05:36:36.534"/>
</kw>
<kw name="Syötä tekstikenttään" library="common_keywords">
<arg>password</arg>
<arg>${password}</arg>
<kw name="Input Text" library="SeleniumLibrary">
<arg>${TEXTFIELD}</arg>
<arg>${TEXT}</arg>
<doc>Types the given ``text`` into the text field identified by ``locator``.</doc>
<msg timestamp="20211013 05:36:36.534" level="INFO">Typing text '@WxX6YRqC^' into text field 'password'.</msg>
<status status="PASS" starttime="20211013 05:36:36.534" endtime="20211013 05:36:36.636"/>
</kw>
<status status="PASS" starttime="20211013 05:36:36.534" endtime="20211013 05:36:36.636"/>
</kw>
<kw name="Syötä tekstikenttään" library="common_keywords">
<arg>firstname</arg>
<arg>${etunimi}</arg>
<kw name="Input Text" library="SeleniumLibrary">
<arg>${TEXTFIELD}</arg>
<arg>${TEXT}</arg>
<doc>Types the given ``text`` into the text field identified by ``locator``.</doc>
<msg timestamp="20211013 05:36:36.637" level="INFO">Typing text 'Kalle' into text field 'firstname'.</msg>
<status status="PASS" starttime="20211013 05:36:36.637" endtime="20211013 05:36:36.750"/>
</kw>
<status status="PASS" starttime="20211013 05:36:36.637" endtime="20211013 05:36:36.750"/>
</kw>
<kw name="Syötä tekstikenttään" library="common_keywords">
<arg>lastname</arg>
<arg>${sukunimi}</arg>
<kw name="Input Text" library="SeleniumLibrary">
<arg>${TEXTFIELD}</arg>
<arg>${TEXT}</arg>
<doc>Types the given ``text`` into the text field identified by ``locator``.</doc>
<msg timestamp="20211013 05:36:36.751" level="INFO">Typing text 'Liukkonen' into text field 'lastname'.</msg>
<status status="PASS" starttime="20211013 05:36:36.751" endtime="20211013 05:36:36.857"/>
</kw>
<status status="PASS" starttime="20211013 05:36:36.750" endtime="20211013 05:36:36.857"/>
</kw>
<kw name="Syötä tekstikenttään" library="common_keywords">
<arg>phoneMobile</arg>
<arg>${numero}</arg>
<kw name="Input Text" library="SeleniumLibrary">
<arg>${TEXTFIELD}</arg>
<arg>${TEXT}</arg>
<doc>Types the given ``text`` into the text field identified by ``locator``.</doc>
<msg timestamp="20211013 05:36:36.858" level="INFO">Typing text '093 251 5120' into text field 'phoneMobile'.</msg>
<status status="PASS" starttime="20211013 05:36:36.858" endtime="20211013 05:36:36.963"/>
</kw>
<status status="PASS" starttime="20211013 05:36:36.857" endtime="20211013 05:36:36.963"/>
</kw>
<status status="PASS" starttime="20211013 05:36:34.281" endtime="20211013 05:36:36.963"/>
</kw>
<status status="PASS" starttime="20211013 05:36:26.052" endtime="20211013 05:36:36.963"/>
</test>
<status status="PASS" starttime="20211013 05:36:25.743" endtime="20211013 05:36:36.965"/>
</suite>
<statistics>
<total>
<stat pass="1" fail="0" skip="0">All Tests</stat>
</total>
<tag>
</tag>
<suite>
<stat pass="1" fail="0" skip="0" id="s1" name="Rekisteröinti">Rekisteröinti</stat>
</suite>
</statistics>
<errors>
</errors>
</robot>
